May 13, 2025 5:05:14 PM scheduler.CommandExecutor execute
INFO: Executed command (attempt 1): date && echo "At Amex, We Do What's Right.", Exit code: 0
May 13, 2025 5:05:14 PM scheduler.CommandExecutor execute
INFO: Executed command (attempt 1): date && echo "Amex' motto is 'Don't live life without it!'", Exit code: 0
May 13, 2025 5:05:14 PM scheduler.CommandExecutor execute
INFO: Executed command (attempt 1): date && echo "Amex' motto is 'Don't live life without it!'", Exit code: 0
May 13, 2025 5:05:14 PM scheduler.CommandExecutor execute
INFO: Executed command (attempt 1): date && echo "Amex is headquartered in New York", Exit code: 0
May 13, 2025 5:06:14 PM scheduler.CommandExecutor execute
INFO: Executed command (attempt 1): date && echo "At Amex, We Do What's Right.", Exit code: 0
May 13, 2025 5:06:14 PM scheduler.CommandExecutor execute
INFO: Executed command (attempt 1): date && echo "Amex' motto is 'Don't live life without it!'", Exit code: 0
May 13, 2025 5:06:14 PM scheduler.CommandExecutor execute
INFO: Executed command (attempt 1): date && echo "Amex' motto is 'Don't live life without it!'", Exit code: 0
May 13, 2025 5:06:14 PM scheduler.CommandExecutor execute
INFO: Executed command (attempt 1): date && echo "Amex was founded in 1850.", Exit code: 0
May 13, 2025 5:07:14 PM scheduler.CommandExecutor execute
INFO: Executed command (attempt 1): date && echo "Amex' motto is 'Don't live life without it!'", Exit code: 0
May 13, 2025 5:07:14 PM scheduler.CommandExecutor execute
INFO: Executed command (attempt 1): date && echo "Amex' motto is 'Don't live life without it!'", Exit code: 0
May 13, 2025 5:08:14 PM scheduler.CommandExecutor execute
INFO: Executed command (attempt 1): date && echo "Amex' motto is 'Don't live life without it!'", Exit code: 0
May 13, 2025 5:08:14 PM scheduler.CommandExecutor execute
INFO: Executed command (attempt 1): date && echo "Amex' motto is 'Don't live life without it!'", Exit code: 0
May 13, 2025 5:08:14 PM scheduler.CommandExecutor execute
INFO: Executed command (attempt 1): date && echo "Amex was founded in 1850.", Exit code: 0
May 13, 2025 5:09:14 PM scheduler.CommandExecutor execute
INFO: Executed command (attempt 1): date && echo "Amex' motto is 'Don't live life without it!'", Exit code: 0
May 13, 2025 5:09:14 PM scheduler.CommandExecutor execute
INFO: Executed command (attempt 1): date && echo "Amex' motto is 'Don't live life without it!'", Exit code: 0
May 13, 2025 5:10:14 PM scheduler.CommandExecutor execute
INFO: Executed command (attempt 1): date && echo "Amex' motto is 'Don't live life without it!'", Exit code: 0
May 13, 2025 5:10:14 PM scheduler.CommandExecutor execute
INFO: Executed command (attempt 1): date && echo "Amex' motto is 'Don't live life without it!'", Exit code: 0
May 13, 2025 5:10:14 PM scheduler.CommandExecutor execute
INFO: Executed command (attempt 1): date && echo "Amex was founded in 1850.", Exit code: 0
May 13, 2025 5:10:14 PM scheduler.CommandExecutor execute
INFO: Executed command (attempt 1): date && echo "Amex is headquartered in New York", Exit code: 0
May 13, 2025 5:11:14 PM scheduler.CommandExecutor execute
INFO: Executed command (attempt 1): date && echo "Amex' motto is 'Don't live life without it!'", Exit code: 0
May 13, 2025 5:11:14 PM scheduler.CommandExecutor execute
INFO: Executed command (attempt 1): date && echo "Amex' motto is 'Don't live life without it!'", Exit code: 0
May 13, 2025 5:12:14 PM scheduler.CommandExecutor execute
INFO: Executed command (attempt 1): date && echo "Amex' motto is 'Don't live life without it!'", Exit code: 0
May 13, 2025 5:12:14 PM scheduler.CommandExecutor execute
INFO: Executed command (attempt 1): date && echo "Amex' motto is 'Don't live life without it!'", Exit code: 0
May 13, 2025 5:12:14 PM scheduler.CommandExecutor execute
INFO: Executed command (attempt 1): date && echo "Amex was founded in 1850.", Exit code: 0
May 13, 2025 5:13:14 PM scheduler.CommandExecutor execute
INFO: Executed command (attempt 1): date && echo "Amex' motto is 'Don't live life without it!'", Exit code: 0
May 13, 2025 5:13:14 PM scheduler.CommandExecutor execute
INFO: Executed command (attempt 1): date && echo "Amex' motto is 'Don't live life without it!'", Exit code: 0
May 13, 2025 5:14:14 PM scheduler.CommandExecutor execute
INFO: Executed command (attempt 1): date && echo "Amex' motto is 'Don't live life without it!'", Exit code: 0
May 13, 2025 5:14:14 PM scheduler.CommandExecutor execute
INFO: Executed command (attempt 1): date && echo "Amex' motto is 'Don't live life without it!'", Exit code: 0
May 13, 2025 5:14:14 PM scheduler.CommandExecutor execute
INFO: Executed command (attempt 1): date && echo "Amex was founded in 1850.", Exit code: 0
May 13, 2025 5:15:14 PM scheduler.CommandExecutor execute
INFO: Executed command (attempt 1): date && echo "Amex' motto is 'Don't live life without it!'", Exit code: 0
May 13, 2025 5:15:14 PM scheduler.CommandExecutor execute
INFO: Executed command (attempt 1): date && echo "Amex' motto is 'Don't live life without it!'", Exit code: 0
May 13, 2025 5:15:14 PM scheduler.CommandExecutor execute
INFO: Executed command (attempt 1): date && echo "Amex is headquartered in New York", Exit code: 0
May 13, 2025 5:17:08 PM scheduler.CommandExecutor execute
INFO: Executed command (attempt 1): date && echo "At Amex, We Do What's Right.", Exit code: 0
May 13, 2025 5:17:08 PM scheduler.CommandExecutor execute
INFO: Executed command (attempt 1): date && echo "Amex' motto is 'Don't live life without it!'", Exit code: 0
May 13, 2025 5:17:08 PM scheduler.CommandExecutor execute
INFO: Executed command (attempt 1): date && echo "Amex' motto is 'Don't live life without it!'", Exit code: 0
May 13, 2025 5:18:08 PM scheduler.CommandExecutor execute
INFO: Executed command (attempt 1): date && echo "Amex' motto is 'Don't live life without it!'", Exit code: 0
May 13, 2025 5:18:08 PM scheduler.CommandExecutor execute
INFO: Executed command (attempt 1): date && echo "Amex' motto is 'Don't live life without it!'", Exit code: 0
May 13, 2025 5:18:08 PM scheduler.CommandExecutor execute
INFO: Executed command (attempt 1): date && echo "Amex was founded in 1850.", Exit code: 0
May 13, 2025 5:19:08 PM scheduler.CommandExecutor execute
INFO: Executed command (attempt 1): date && echo "Amex' motto is 'Don't live life without it!'", Exit code: 0
May 13, 2025 5:19:08 PM scheduler.CommandExecutor execute
INFO: Executed command (attempt 1): date && echo "Amex' motto is 'Don't live life without it!'", Exit code: 0
May 13, 2025 5:20:08 PM scheduler.CommandExecutor execute
INFO: Executed command (attempt 1): date && echo "At Amex, We Do What's Right.", Exit code: 0
May 13, 2025 5:20:08 PM scheduler.CommandExecutor execute
INFO: Executed command (attempt 1): date && echo "Amex' motto is 'Don't live life without it!'", Exit code: 0
May 13, 2025 5:20:08 PM scheduler.CommandExecutor execute
INFO: Executed command (attempt 1): date && echo "Amex' motto is 'Don't live life without it!'", Exit code: 0
May 13, 2025 5:20:08 PM scheduler.CommandExecutor execute
INFO: Executed command (attempt 1): date && echo "Amex was founded in 1850.", Exit code: 0
May 13, 2025 5:20:08 PM scheduler.CommandExecutor execute
INFO: Executed command (attempt 1): date && echo "Amex is headquartered in New York", Exit code: 0
May 13, 2025 9:33:44 PM scheduler.CommandExecutor execute
INFO: Executed command (attempt 1): date && echo "Amex' motto is 'Don't live life without it!'", Exit code: 0
May 13, 2025 9:33:44 PM scheduler.CommandExecutor execute
INFO: Executed command (attempt 1): date && echo "Amex' motto is 'Don't live life without it!'", Exit code: 0
May 13, 2025 9:34:28 PM scheduler.CommandExecutor execute
INFO: Executed command (attempt 1): date && echo "Amex' motto is 'Don't live life without it!'", Exit code: 0
May 13, 2025 9:34:28 PM scheduler.CommandExecutor execute
INFO: Executed command (attempt 1): date && echo "Amex' motto is 'Don't live life without it!'", Exit code: 0
May 13, 2025 9:34:28 PM scheduler.CommandExecutor execute
INFO: Executed command (attempt 1): date && echo "Amex was founded in 1850.", Exit code: 0
May 13, 2025 9:35:28 PM scheduler.CommandExecutor execute
INFO: Executed command (attempt 1): date && echo "At Amex, We Do What's Right.", Exit code: 0
May 13, 2025 9:35:28 PM scheduler.CommandExecutor execute
INFO: Executed command (attempt 1): date && echo "Amex' motto is 'Don't live life without it!'", Exit code: 0
May 13, 2025 9:35:28 PM scheduler.CommandExecutor execute
INFO: Executed command (attempt 1): date && echo "Amex' motto is 'Don't live life without it!'", Exit code: 0
May 13, 2025 9:35:28 PM scheduler.CommandExecutor execute
INFO: Executed command (attempt 1): date && echo "Amex is headquartered in New York", Exit code: 0
May 13, 2025 9:36:28 PM scheduler.CommandExecutor execute
INFO: Executed command (attempt 1): date && echo "Amex' motto is 'Don't live life without it!'", Exit code: 0
May 13, 2025 9:36:28 PM scheduler.CommandExecutor execute
INFO: Executed command (attempt 1): date && echo "Amex' motto is 'Don't live life without it!'", Exit code: 0
May 13, 2025 9:36:28 PM scheduler.CommandExecutor execute
INFO: Executed command (attempt 1): date && echo "Amex was founded in 1850.", Exit code: 0
May 13, 2025 9:37:28 PM scheduler.CommandExecutor execute
INFO: Executed command (attempt 1): date && echo "Amex' motto is 'Don't live life without it!'", Exit code: 0
May 13, 2025 9:37:28 PM scheduler.CommandExecutor execute
INFO: Executed command (attempt 1): date && echo "Amex' motto is 'Don't live life without it!'", Exit code: 0
May 13, 2025 9:38:28 PM scheduler.CommandExecutor execute
INFO: Executed command (attempt 1): date && echo "Amex' motto is 'Don't live life without it!'", Exit code: 0
May 13, 2025 9:38:28 PM scheduler.CommandExecutor execute
INFO: Executed command (attempt 1): date && echo "Amex' motto is 'Don't live life without it!'", Exit code: 0
May 13, 2025 9:38:28 PM scheduler.CommandExecutor execute
INFO: Executed command (attempt 1): date && echo "Amex was founded in 1850.", Exit code: 0
May 13, 2025 9:39:28 PM scheduler.CommandExecutor execute
INFO: Executed command (attempt 1): date && echo "Amex' motto is 'Don't live life without it!'", Exit code: 0
May 13, 2025 9:39:28 PM scheduler.CommandExecutor execute
INFO: Executed command (attempt 1): date && echo "Amex' motto is 'Don't live life without it!'", Exit code: 0
May 13, 2025 9:40:13 PM scheduler.CommandExecutor execute
INFO: Executed command (attempt 1): date && echo "Amex' motto is 'Don't live life without it!'", Exit code: 0
May 13, 2025 9:40:13 PM scheduler.CommandExecutor execute
INFO: Executed command (attempt 1): date && echo "Amex' motto is 'Don't live life without it!'", Exit code: 0
May 13, 2025 9:40:13 PM scheduler.CommandExecutor execute
INFO: Executed command (attempt 1): date && echo "Amex was founded in 1850.", Exit code: 0
May 13, 2025 9:40:13 PM scheduler.CommandExecutor execute
INFO: Executed command (attempt 1): date && echo "Amex is headquartered in New York", Exit code: 0
May 13, 2025 9:41:13 PM scheduler.CommandExecutor execute
INFO: Executed command (attempt 1): date && echo "At Amex, We Do What's Right.", Exit code: 0
May 13, 2025 9:41:13 PM scheduler.CommandExecutor execute
INFO: Executed command (attempt 1): date && echo "Amex' motto is 'Don't live life without it!'", Exit code: 0
May 13, 2025 9:41:13 PM scheduler.CommandExecutor execute
INFO: Executed command (attempt 1): date && echo "Amex' motto is 'Don't live life without it!'", Exit code: 0
